<?xml version="1.0" encoding="UTF-8"?>
<testsuite xmlns:xsi="http://www.w3.org/2001/XMLSchema-instance" xsi:schemaLocation="https://maven.apache.org/surefire/maven-surefire-plugin/xsd/surefire-test-report.xsd" name="com.dummy.myerp.consumer.dao.impl.db.dao.ComptabiliteDaoImplTest" time="1.228" tests="11" errors="0" skipped="0" failures="0">
  <properties>
[...]
</properties>
  <testcase name="updateSequenceEcritureComptableTest" classname="com.dummy.myerp.consumer.dao.impl.db.dao.ComptabiliteDaoImplTest" time="0.414"/>
  <testcase name="deleteEcritureComptableTest" classname="com.dummy.myerp.consumer.dao.impl.db.dao.ComptabiliteDaoImplTest" time="0.038"/>
  <testcase name="getListCompteComptable" classname="com.dummy.myerp.consumer.dao.impl.db.dao.ComptabiliteDaoImplTest" time="0.043"/>
  <testcase name="getSequenceEcritureComptableTest" classname="com.dummy.myerp.consumer.dao.impl.db.dao.ComptabiliteDaoImplTest" time="0.032"/>
  <testcase name="getListEcritureComptable" classname="com.dummy.myerp.consumer.dao.impl.db.dao.ComptabiliteDaoImplTest" time="0.168"/>
  <testcase name="insertEcritureComptable" classname="com.dummy.myerp.consumer.dao.impl.db.dao.ComptabiliteDaoImplTest" time="0.161"/>
  <testcase name="getListJournalComptable" classname="com.dummy.myerp.consumer.dao.impl.db.dao.ComptabiliteDaoImplTest" time="0.016"/>
  <testcase name="loadListLigneEcriture" classname="com.dummy.myerp.consumer.dao.impl.db.dao.ComptabiliteDaoImplTest" time="0.029"/>
  <testcase name="updateEcritureComptable" classname="com.dummy.myerp.consumer.dao.impl.db.dao.ComptabiliteDaoImplTest" time="0.16"/>
  <testcase name="getEcritureComptableByRef" classname="com.dummy.myerp.consumer.dao.impl.db.dao.ComptabiliteDaoImplTest" time="0.061"/>
  <testcase name="getEcritureComptable" classname="com.dummy.myerp.consumer.dao.impl.db.dao.ComptabiliteDaoImplTest" time="0.083"/>
</testsuite>